{"/Users/ggpai/Desktop/rdfull/src/components/Contact.jsx": {"path":"/Users/ggpai/Desktop/rdfull/src/components/Contact.jsx","statementMap":{"0":{"start":{"line":1,"column":16},"end":{"line":13,"column":1}},"1":{"start":{"line":2,"column":4},"end":{"line":12,"column":6}}},"fnMap":{"0":{"name":"(anonymous_0)","decl":{"start":{"line":1,"column":16},"end":{"line":1,"column":17}},"loc":{"start":{"line":1,"column":22},"end":{"line":13,"column":1}},"line":1}},"branchMap":{},"s":{"0":1,"1":3},"f":{"0":3},"b":{},"_coverageSchema":"1a1c01bbd47fc00a2c39e90264f33305004495a9","hash":"f2f4a4335d63662d44ae57c322611d31e8e779fb"}
,"/Users/ggpai/Desktop/rdfull/src/components/Header.jsx": {"path":"/Users/ggpai/Desktop/rdfull/src/components/Header.jsx","statementMap":{"0":{"start":{"line":7,"column":15},"end":{"line":37,"column":1}},"1":{"start":{"line":9,"column":33},"end":{"line":9,"column":50}},"2":{"start":{"line":10,"column":21},"end":{"line":10,"column":38}},"3":{"start":{"line":13,"column":20},"end":{"line":14,"column":29}},"4":{"start":{"line":14,"column":4},"end":{"line":14,"column":27}},"5":{"start":{"line":15,"column":2},"end":{"line":15,"column":25}},"6":{"start":{"line":16,"column":2},"end":{"line":36,"column":4}},"7":{"start":{"line":31,"column":12},"end":{"line":31,"column":62}}},"fnMap":{"0":{"name":"(anonymous_0)","decl":{"start":{"line":7,"column":15},"end":{"line":7,"column":16}},"loc":{"start":{"line":7,"column":21},"end":{"line":37,"column":1}},"line":7},"1":{"name":"(anonymous_1)","decl":{"start":{"line":13,"column":32},"end":{"line":13,"column":33}},"loc":{"start":{"line":13,"column":41},"end":{"line":14,"column":28}},"line":13},"2":{"name":"(anonymous_2)","decl":{"start":{"line":30,"column":45},"end":{"line":30,"column":46}},"loc":{"start":{"line":30,"column":49},"end":{"line":31,"column":63}},"line":30}},"branchMap":{"0":{"loc":{"start":{"line":24,"column":46},"end":{"line":24,"column":68}},"type":"cond-expr","locations":[{"start":{"line":24,"column":59},"end":{"line":24,"column":62}},{"start":{"line":24,"column":64},"end":{"line":24,"column":68}}],"line":24},"1":{"loc":{"start":{"line":31,"column":25},"end":{"line":31,"column":61}},"type":"cond-expr","locations":[{"start":{"line":31,"column":45},"end":{"line":31,"column":53}},{"start":{"line":31,"column":54},"end":{"line":31,"column":61}}],"line":31}},"s":{"0":1,"1":3,"2":2,"3":2,"4":4,"5":2,"6":2,"7":0},"f":{"0":3,"1":4,"2":0},"b":{"0":[2,0],"1":[0,0]},"_coverageSchema":"1a1c01bbd47fc00a2c39e90264f33305004495a9","hash":"a9580aaa13624bd1014f91c1e0e3728f4d034148"}
,"/Users/ggpai/Desktop/rdfull/src/components/sum.js": {"path":"/Users/ggpai/Desktop/rdfull/src/components/sum.js","statementMap":{"0":{"start":{"line":1,"column":10},"end":{"line":3,"column":1}},"1":{"start":{"line":2,"column":4},"end":{"line":2,"column":14}}},"fnMap":{"0":{"name":"(anonymous_0)","decl":{"start":{"line":1,"column":10},"end":{"line":1,"column":11}},"loc":{"start":{"line":1,"column":17},"end":{"line":3,"column":1}},"line":1}},"branchMap":{},"s":{"0":1,"1":1},"f":{"0":1},"b":{},"_coverageSchema":"1a1c01bbd47fc00a2c39e90264f33305004495a9","hash":"c5a8beddb1213c198e4a3a1c0b41723eea8e73dd"}
,"/Users/ggpai/Desktop/rdfull/src/utils/appStore.js": {"path":"/Users/ggpai/Desktop/rdfull/src/utils/appStore.js","statementMap":{"0":{"start":{"line":4,"column":16},"end":{"line":8,"column":2}}},"fnMap":{},"branchMap":{},"s":{"0":1},"f":{},"b":{},"_coverageSchema":"1a1c01bbd47fc00a2c39e90264f33305004495a9","hash":"8db5e5abae8f361a2f2986b95abf2dc4e0928213"}
,"/Users/ggpai/Desktop/rdfull/src/utils/cartSlice.js": {"path":"/Users/ggpai/Desktop/rdfull/src/utils/cartSlice.js","statementMap":{"0":{"start":{"line":3,"column":16},"end":{"line":24,"column":2}},"1":{"start":{"line":10,"column":12},"end":{"line":10,"column":45}},"2":{"start":{"line":13,"column":35},"end":{"line":13,"column":52}},"3":{"start":{"line":14,"column":26},"end":{"line":14,"column":83}},"4":{"start":{"line":14,"column":56},"end":{"line":14,"column":82}},"5":{"start":{"line":15,"column":12},"end":{"line":17,"column":13}},"6":{"start":{"line":16,"column":14},"end":{"line":16,"column":43}},"7":{"start":{"line":21,"column":12},"end":{"line":21,"column":33}},"8":{"start":{"line":44,"column":44},"end":{"line":44,"column":61}}},"fnMap":{"0":{"name":"(anonymous_0)","decl":{"start":{"line":9,"column":16},"end":{"line":9,"column":17}},"loc":{"start":{"line":9,"column":32},"end":{"line":11,"column":9}},"line":9},"1":{"name":"(anonymous_1)","decl":{"start":{"line":12,"column":20},"end":{"line":12,"column":21}},"loc":{"start":{"line":12,"column":39},"end":{"line":18,"column":11}},"line":12},"2":{"name":"(anonymous_2)","decl":{"start":{"line":14,"column":48},"end":{"line":14,"column":49}},"loc":{"start":{"line":14,"column":56},"end":{"line":14,"column":82}},"line":14},"3":{"name":"(anonymous_3)","decl":{"start":{"line":20,"column":18},"end":{"line":20,"column":19}},"loc":{"start":{"line":20,"column":27},"end":{"line":22,"column":9}},"line":20}},"branchMap":{"0":{"loc":{"start":{"line":15,"column":12},"end":{"line":17,"column":13}},"type":"if","locations":[{"start":{"line":15,"column":12},"end":{"line":17,"column":13}},{"start":{},"end":{}}],"line":15}},"s":{"0":1,"1":0,"2":0,"3":0,"4":0,"5":0,"6":0,"7":0,"8":1},"f":{"0":0,"1":0,"2":0,"3":0},"b":{"0":[0,0]},"_coverageSchema":"1a1c01bbd47fc00a2c39e90264f33305004495a9","hash":"3113c160bcd85a099a00cbbcdbfa24aa5dee8fe7"}
,"/Users/ggpai/Desktop/rdfull/src/utils/constants.js": {"path":"/Users/ggpai/Desktop/rdfull/src/utils/constants.js","statementMap":{"0":{"start":{"line":1,"column":21},"end":{"line":1,"column":104}},"1":{"start":{"line":2,"column":22},"end":{"line":2,"column":194}},"2":{"start":{"line":3,"column":26},"end":{"line":3,"column":171}},"3":{"start":{"line":4,"column":22},"end":{"line":4,"column":141}}},"fnMap":{},"branchMap":{},"s":{"0":1,"1":1,"2":1,"3":1},"f":{},"b":{},"_coverageSchema":"1a1c01bbd47fc00a2c39e90264f33305004495a9","hash":"df1c382fc979898465a3782603b36ed82f8cf023"}
,"/Users/ggpai/Desktop/rdfull/src/utils/useOnlineStatus.jsx": {"path":"/Users/ggpai/Desktop/rdfull/src/utils/useOnlineStatus.jsx","statementMap":{"0":{"start":{"line":3,"column":24},"end":{"line":16,"column":1}},"1":{"start":{"line":4,"column":42},"end":{"line":4,"column":56}},"2":{"start":{"line":6,"column":2},"end":{"line":13,"column":9}},"3":{"start":{"line":7,"column":4},"end":{"line":9,"column":7}},"4":{"start":{"line":8,"column":6},"end":{"line":8,"column":29}},"5":{"start":{"line":10,"column":4},"end":{"line":12,"column":7}},"6":{"start":{"line":11,"column":6},"end":{"line":11,"column":28}},"7":{"start":{"line":15,"column":2},"end":{"line":15,"column":22}}},"fnMap":{"0":{"name":"(anonymous_0)","decl":{"start":{"line":3,"column":24},"end":{"line":3,"column":25}},"loc":{"start":{"line":3,"column":30},"end":{"line":16,"column":1}},"line":3},"1":{"name":"(anonymous_1)","decl":{"start":{"line":6,"column":12},"end":{"line":6,"column":13}},"loc":{"start":{"line":6,"column":18},"end":{"line":13,"column":3}},"line":6},"2":{"name":"(anonymous_2)","decl":{"start":{"line":7,"column":39},"end":{"line":7,"column":40}},"loc":{"start":{"line":7,"column":50},"end":{"line":9,"column":5}},"line":7},"3":{"name":"(anonymous_3)","decl":{"start":{"line":10,"column":38},"end":{"line":10,"column":39}},"loc":{"start":{"line":10,"column":49},"end":{"line":12,"column":5}},"line":10}},"branchMap":{},"s":{"0":1,"1":2,"2":2,"3":0,"4":0,"5":0,"6":0,"7":2},"f":{"0":2,"1":0,"2":0,"3":0},"b":{},"_coverageSchema":"1a1c01bbd47fc00a2c39e90264f33305004495a9","hash":"4c0b9614589709751877c9ce22712036231d9480"}
,"/Users/ggpai/Desktop/rdfull/src/utils/userContext.jsx": {"path":"/Users/ggpai/Desktop/rdfull/src/utils/userContext.jsx","statementMap":{"0":{"start":{"line":3,"column":19},"end":{"line":5,"column":2}}},"fnMap":{},"branchMap":{},"s":{"0":1},"f":{},"b":{},"_coverageSchema":"1a1c01bbd47fc00a2c39e90264f33305004495a9","hash":"7f93d47e959d4bec9a5d630a6d4972c29c34913a"}
}
